2020-11-16 01:01:30,708 WARN com.zaxxer.hikari.pool.HikariPool {HikariPool-1 housekeeper} HikariPool-1 - Thread starvation or clock leap detected (housekeeper delta=1h37m45s53ms).
2020-11-16 02:07:27,512 WARN com.zaxxer.hikari.pool.HikariPool {HikariPool-1 housekeeper} HikariPool-1 - Thread starvation or clock leap detected (housekeeper delta=15m24s514ms).
2020-11-16 08:30:30,280 WARN com.zaxxer.hikari.pool.HikariPool {HikariPool-1 housekeeper} HikariPool-1 - Thread starvation or clock leap detected (housekeeper delta=6h23m2s401ms).
2020-11-16 08:30:59,123 WARN com.zaxxer.hikari.pool.HikariPool {HikariPool-1 housekeeper} HikariPool-1 - Retrograde clock change detected (housekeeper delta=29s209ms), soft-evicting connections from pool.
2020-11-16 08:31:56,043 WARN com.zaxxer.hikari.pool.HikariPool {HikariPool-1 housekeeper} HikariPool-1 - Thread starvation or clock leap detected (housekeeper delta=56s921ms).
2020-11-16 08:55:47,336 WARN com.zaxxer.hikari.pool.HikariPool {HikariPool-1 housekeeper} HikariPool-1 - Thread starvation or clock leap detected (housekeeper delta=20m21s286ms).
2020-11-16 09:36:47,362 WARN com.zaxxer.hikari.pool.HikariPool {HikariPool-1 housekeeper} HikariPool-1 - Thread starvation or clock leap detected (housekeeper delta=41m26ms).
2020-11-16 09:39:34,309 INFO org.springframework.orm.jpa.LocalContainerEntityManagerFactoryBean {SpringContextShutdownHook} Closing JPA EntityManagerFactory for persistence unit 'default'
2020-11-16 09:39:34,319 INFO org.springframework.scheduling.concurrent.ThreadPoolTaskExecutor {SpringContextShutdownHook} Shutting down ExecutorService 'applicationTaskExecutor'
2020-11-16 09:39:34,326 INFO com.zaxxer.hikari.HikariDataSource {SpringContextShutdownHook} HikariPool-1 - Shutdown initiated...
2020-11-16 09:39:34,330 INFO com.zaxxer.hikari.HikariDataSource {SpringContextShutdownHook} HikariPool-1 - Shutdown completed.
2020-11-16 09:39:38,202 INFO hacker.HackerCloudApplication {restartedMain} Starting HackerCloudApplication on Joses-MacBook-Pro-2.local with PID 7059 (/Users/JoseG/IdeaProjects/hacker-cloud/target/classes started by JoseG in /Users/JoseG/IdeaProjects/hacker-cloud)
2020-11-16 09:39:38,205 INFO hacker.HackerCloudApplication {restartedMain} No active profile set, falling back to default profiles: default
2020-11-16 09:39:38,250 INFO org.springframework.boot.devtools.env.DevToolsPropertyDefaultsPostProcessor {restartedMain} Devtools property defaults active! Set 'spring.devtools.add-properties' to 'false' to disable
2020-11-16 09:39:38,250 INFO org.springframework.boot.devtools.env.DevToolsPropertyDefaultsPostProcessor {restartedMain} For additional web related logging consider setting the 'logging.level.web' property to 'DEBUG'
2020-11-16 09:39:38,918 INFO org.springframework.data.repository.config.RepositoryConfigurationDelegate {restartedMain} Bootstrapping Spring Data JPA repositories in DEFERRED mode.
2020-11-16 09:39:38,985 INFO org.springframework.data.repository.config.RepositoryConfigurationDelegate {restartedMain} Finished Spring Data repository scanning in 57ms. Found 3 JPA repository interfaces.
2020-11-16 09:39:39,604 INFO org.springframework.boot.web.embedded.tomcat.TomcatWebServer {restartedMain} Tomcat initialized with port(s): 8080 (http)
2020-11-16 09:39:39,613 INFO org.apache.catalina.core.StandardService {restartedMain} Starting service [Tomcat]
2020-11-16 09:39:39,614 INFO org.apache.catalina.core.StandardEngine {restartedMain} Starting Servlet engine: [Apache Tomcat/9.0.38]
2020-11-16 09:39:39,725 INFO org.apache.catalina.core.ContainerBase.[Tomcat].[localhost].[/] {restartedMain} Initializing Spring embedded WebApplicationContext
2020-11-16 09:39:39,725 INFO org.springframework.boot.web.servlet.context.ServletWebServerApplicationContext {restartedMain} Root WebApplicationContext: initialization completed in 1475 ms
2020-11-16 09:39:39,803 INFO com.zaxxer.hikari.HikariDataSource {restartedMain} HikariPool-1 - Starting...
2020-11-16 09:39:39,994 INFO com.zaxxer.hikari.HikariDataSource {restartedMain} HikariPool-1 - Start completed.
2020-11-16 09:39:40,007 INFO org.springframework.boot.autoconfigure.h2.H2ConsoleAutoConfiguration {restartedMain} H2 console available at '/h2-console'. Database available at 'jdbc:h2:file:~/IdeaProjects/hacker-cloud/dbdata'
2020-11-16 09:39:40,197 INFO org.springframework.scheduling.concurrent.ThreadPoolTaskExecutor {restartedMain} Initializing ExecutorService 'applicationTaskExecutor'
2020-11-16 09:39:40,233 INFO org.hibernate.jpa.internal.util.LogHelper {task-1} HHH000204: Processing PersistenceUnitInfo [name: default]
2020-11-16 09:39:40,285 INFO org.hibernate.Version {task-1} HHH000412: Hibernate ORM core version 5.4.21.Final
2020-11-16 09:39:40,286 WARN org.springframework.boot.autoconfigure.orm.jpa.JpaBaseConfiguration$JpaWebConfiguration {restartedMain} spring.jpa.open-in-view is enabled by default. Therefore, database queries may be performed during view rendering. Explicitly configure spring.jpa.open-in-view to disable this warning
2020-11-16 09:39:40,447 INFO org.hibernate.annotations.common.Version {task-1} HCANN000001: Hibernate Commons Annotations {5.1.0.Final}
2020-11-16 09:39:40,513 INFO org.springframework.security.web.DefaultSecurityFilterChain {restartedMain} Creating filter chain: any request, [org.springframework.security.web.context.request.async.WebAsyncManagerIntegrationFilter@7dc3333e, org.springframework.security.web.context.SecurityContextPersistenceFilter@439e3117, org.springframework.security.web.header.HeaderWriterFilter@4adc515, org.springframework.security.web.authentication.logout.LogoutFilter@3321adf8, org.springframework.security.web.authentication.UsernamePasswordAuthenticationFilter@257e72e9, org.springframework.security.web.savedrequest.RequestCacheAwareFilter@351e522c, org.springframework.security.web.servletapi.SecurityContextHolderAwareRequestFilter@4dafe5c6, org.springframework.security.web.authentication.AnonymousAuthenticationFilter@5a430e88, org.springframework.security.web.session.SessionManagementFilter@729ebc8e, org.springframework.security.web.access.ExceptionTranslationFilter@69b98ec7, org.springframework.security.web.access.intercept.FilterSecurityInterceptor@55d4f7a5]
2020-11-16 09:39:40,586 INFO org.hibernate.dialect.Dialect {task-1} HHH000400: Using dialect: org.hibernate.dialect.H2Dialect
2020-11-16 09:39:40,902 INFO org.springframework.boot.devtools.autoconfigure.OptionalLiveReloadServer {restartedMain} LiveReload server is running on port 35729
2020-11-16 09:39:40,939 INFO org.springframework.boot.web.embedded.tomcat.TomcatWebServer {restartedMain} Tomcat started on port(s): 8080 (http) with context path ''
2020-11-16 09:39:40,941 INFO org.springframework.data.repository.config.DeferredRepositoryInitializationListener {restartedMain} Triggering deferred initialization of Spring Data repositories…
2020-11-16 09:39:41,319 INFO org.hibernate.engine.transaction.jta.platform.internal.JtaPlatformInitiator {task-1} HHH000490: Using JtaPlatform implementation: [org.hibernate.engine.transaction.jta.platform.internal.NoJtaPlatform]
2020-11-16 09:39:41,325 INFO org.springframework.orm.jpa.LocalContainerEntityManagerFactoryBean {task-1} Initialized JPA EntityManagerFactory for persistence unit 'default'
2020-11-16 09:39:41,586 INFO org.springframework.data.repository.config.DeferredRepositoryInitializationListener {restartedMain} Spring Data repositories initialized!
2020-11-16 09:39:41,600 INFO hacker.HackerCloudApplication {restartedMain} Started HackerCloudApplication in 3.812 seconds (JVM running for 4.712)
2020-11-16 09:39:43,746 INFO org.apache.catalina.core.ContainerBase.[Tomcat].[localhost].[/] {http-nio-8080-exec-1} Initializing Spring DispatcherServlet 'dispatcherServlet'
2020-11-16 09:39:43,746 INFO org.springframework.web.servlet.DispatcherServlet {http-nio-8080-exec-1} Initializing Servlet 'dispatcherServlet'
2020-11-16 09:39:43,754 INFO org.springframework.web.servlet.DispatcherServlet {http-nio-8080-exec-1} Completed initialization in 8 ms
2020-11-16 09:45:24,780 INFO org.springframework.orm.jpa.LocalContainerEntityManagerFactoryBean {Thread-6} Closing JPA EntityManagerFactory for persistence unit 'default'
2020-11-16 09:45:24,782 INFO org.springframework.scheduling.concurrent.ThreadPoolTaskExecutor {Thread-6} Shutting down ExecutorService 'applicationTaskExecutor'
2020-11-16 09:45:24,784 INFO com.zaxxer.hikari.HikariDataSource {Thread-6} HikariPool-1 - Shutdown initiated...
2020-11-16 09:45:24,928 INFO com.zaxxer.hikari.HikariDataSource {Thread-6} HikariPool-1 - Shutdown completed.
2020-11-16 09:45:25,223 INFO hacker.HackerCloudApplication {restartedMain} Starting HackerCloudApplication on Joses-MacBook-Pro-2.local with PID 7059 (/Users/JoseG/IdeaProjects/hacker-cloud/target/classes started by JoseG in /Users/JoseG/IdeaProjects/hacker-cloud)
2020-11-16 09:45:25,224 INFO hacker.HackerCloudApplication {restartedMain} No active profile set, falling back to default profiles: default
2020-11-16 09:45:25,407 INFO org.springframework.data.repository.config.RepositoryConfigurationDelegate {restartedMain} Bootstrapping Spring Data JPA repositories in DEFERRED mode.
2020-11-16 09:45:25,419 INFO org.springframework.data.repository.config.RepositoryConfigurationDelegate {restartedMain} Finished Spring Data repository scanning in 11ms. Found 3 JPA repository interfaces.
2020-11-16 09:45:25,558 INFO org.springframework.boot.web.embedded.tomcat.TomcatWebServer {restartedMain} Tomcat initialized with port(s): 8080 (http)
2020-11-16 09:45:25,559 INFO org.apache.catalina.core.StandardService {restartedMain} Starting service [Tomcat]
2020-11-16 09:45:25,559 INFO org.apache.catalina.core.StandardEngine {restartedMain} Starting Servlet engine: [Apache Tomcat/9.0.38]
2020-11-16 09:45:25,572 INFO org.apache.catalina.core.ContainerBase.[Tomcat].[localhost].[/] {restartedMain} Initializing Spring embedded WebApplicationContext
2020-11-16 09:45:25,572 INFO org.springframework.boot.web.servlet.context.ServletWebServerApplicationContext {restartedMain} Root WebApplicationContext: initialization completed in 345 ms
2020-11-16 09:45:25,590 INFO com.zaxxer.hikari.HikariDataSource {restartedMain} HikariPool-2 - Starting...
2020-11-16 09:45:25,598 INFO com.zaxxer.hikari.HikariDataSource {restartedMain} HikariPool-2 - Start completed.
2020-11-16 09:45:25,598 INFO org.springframework.boot.autoconfigure.h2.H2ConsoleAutoConfiguration {restartedMain} H2 console available at '/h2-console'. Database available at 'jdbc:h2:file:~/IdeaProjects/hacker-cloud/dbdata'
2020-11-16 09:45:25,629 INFO org.springframework.scheduling.concurrent.ThreadPoolTaskExecutor {restartedMain} Initializing ExecutorService 'applicationTaskExecutor'
2020-11-16 09:45:25,633 INFO org.hibernate.jpa.internal.util.LogHelper {task-1} HHH000204: Processing PersistenceUnitInfo [name: default]
2020-11-16 09:45:25,639 INFO org.hibernate.dialect.Dialect {task-1} HHH000400: Using dialect: org.hibernate.dialect.H2Dialect
2020-11-16 09:45:25,654 WARN org.springframework.boot.autoconfigure.orm.jpa.JpaBaseConfiguration$JpaWebConfiguration {restartedMain} spring.jpa.open-in-view is enabled by default. Therefore, database queries may be performed during view rendering. Explicitly configure spring.jpa.open-in-view to disable this warning
2020-11-16 09:45:25,696 INFO org.springframework.security.web.DefaultSecurityFilterChain {restartedMain} Creating filter chain: any request, [org.springframework.security.web.context.request.async.WebAsyncManagerIntegrationFilter@5b666f3b, org.springframework.security.web.context.SecurityContextPersistenceFilter@342ee9fb, org.springframework.security.web.header.HeaderWriterFilter@461e3252, org.springframework.security.web.authentication.logout.LogoutFilter@392f6538, org.springframework.security.web.authentication.UsernamePasswordAuthenticationFilter@2ae6d6f8, org.springframework.security.web.savedrequest.RequestCacheAwareFilter@f30987c, org.springframework.security.web.servletapi.SecurityContextHolderAwareRequestFilter@380ba76a, org.springframework.security.web.authentication.AnonymousAuthenticationFilter@7c591418, org.springframework.security.web.session.SessionManagementFilter@4530fe96, org.springframework.security.web.access.ExceptionTranslationFilter@213352d0, org.springframework.security.web.access.intercept.FilterSecurityInterceptor@471f618b]
2020-11-16 09:45:25,720 INFO org.hibernate.engine.transaction.jta.platform.internal.JtaPlatformInitiator {task-1} HHH000490: Using JtaPlatform implementation: [org.hibernate.engine.transaction.jta.platform.internal.NoJtaPlatform]
2020-11-16 09:45:25,720 INFO org.springframework.orm.jpa.LocalContainerEntityManagerFactoryBean {task-1} Initialized JPA EntityManagerFactory for persistence unit 'default'
2020-11-16 09:45:25,751 INFO org.springframework.boot.devtools.autoconfigure.OptionalLiveReloadServer {task-2} LiveReload server is running on port 35729
2020-11-16 09:45:25,822 INFO org.springframework.boot.web.embedded.tomcat.TomcatWebServer {restartedMain} Tomcat started on port(s): 8080 (http) with context path ''
2020-11-16 09:45:25,823 INFO org.springframework.data.repository.config.DeferredRepositoryInitializationListener {restartedMain} Triggering deferred initialization of Spring Data repositories…
2020-11-16 09:45:25,862 INFO org.springframework.data.repository.config.DeferredRepositoryInitializationListener {restartedMain} Spring Data repositories initialized!
2020-11-16 09:45:25,866 INFO hacker.HackerCloudApplication {restartedMain} Started HackerCloudApplication in 0.884 seconds (JVM running for 348.99)
2020-11-16 09:45:25,867 INFO org.springframework.boot.devtools.autoconfigure.ConditionEvaluationDeltaLoggingListener {restartedMain} Condition evaluation unchanged
2020-11-16 09:47:10,582 INFO org.apache.catalina.core.ContainerBase.[Tomcat].[localhost].[/] {http-nio-8080-exec-1} Initializing Spring DispatcherServlet 'dispatcherServlet'
2020-11-16 09:47:10,583 INFO org.springframework.web.servlet.DispatcherServlet {http-nio-8080-exec-1} Initializing Servlet 'dispatcherServlet'
2020-11-16 09:47:10,585 INFO org.springframework.web.servlet.DispatcherServlet {http-nio-8080-exec-1} Completed initialization in 2 ms
2020-11-16 09:47:12,437 INFO org.springframework.orm.jpa.LocalContainerEntityManagerFactoryBean {Thread-9} Closing JPA EntityManagerFactory for persistence unit 'default'
2020-11-16 09:47:12,438 INFO org.springframework.scheduling.concurrent.ThreadPoolTaskExecutor {Thread-9} Shutting down ExecutorService 'applicationTaskExecutor'
2020-11-16 09:47:12,438 INFO com.zaxxer.hikari.HikariDataSource {Thread-9} HikariPool-2 - Shutdown initiated...
2020-11-16 09:47:12,479 INFO com.zaxxer.hikari.HikariDataSource {Thread-9} HikariPool-2 - Shutdown completed.
2020-11-16 09:47:12,591 INFO hacker.HackerCloudApplication {restartedMain} Starting HackerCloudApplication on Joses-MacBook-Pro-2.local with PID 7059 (/Users/JoseG/IdeaProjects/hacker-cloud/target/classes started by JoseG in /Users/JoseG/IdeaProjects/hacker-cloud)
2020-11-16 09:47:12,592 INFO hacker.HackerCloudApplication {restartedMain} No active profile set, falling back to default profiles: default
2020-11-16 09:47:12,879 INFO org.springframework.data.repository.config.RepositoryConfigurationDelegate {restartedMain} Bootstrapping Spring Data JPA repositories in DEFERRED mode.
2020-11-16 09:47:12,895 INFO org.springframework.data.repository.config.RepositoryConfigurationDelegate {restartedMain} Finished Spring Data repository scanning in 15ms. Found 3 JPA repository interfaces.
2020-11-16 09:47:13,018 INFO org.springframework.boot.web.embedded.tomcat.TomcatWebServer {restartedMain} Tomcat initialized with port(s): 8080 (http)
2020-11-16 09:47:13,019 INFO org.apache.catalina.core.StandardService {restartedMain} Starting service [Tomcat]
2020-11-16 09:47:13,020 INFO org.apache.catalina.core.StandardEngine {restartedMain} Starting Servlet engine: [Apache Tomcat/9.0.38]
2020-11-16 09:47:13,035 INFO org.apache.catalina.core.ContainerBase.[Tomcat].[localhost].[/] {restartedMain} Initializing Spring embedded WebApplicationContext
2020-11-16 09:47:13,035 INFO org.springframework.boot.web.servlet.context.ServletWebServerApplicationContext {restartedMain} Root WebApplicationContext: initialization completed in 439 ms
2020-11-16 09:47:13,055 INFO com.zaxxer.hikari.HikariDataSource {restartedMain} HikariPool-3 - Starting...
2020-11-16 09:47:13,062 INFO com.zaxxer.hikari.HikariDataSource {restartedMain} HikariPool-3 - Start completed.
2020-11-16 09:47:13,062 INFO org.springframework.boot.autoconfigure.h2.H2ConsoleAutoConfiguration {restartedMain} H2 console available at '/h2-console'. Database available at 'jdbc:h2:file:~/IdeaProjects/hacker-cloud/dbdata'
2020-11-16 09:47:13,102 INFO org.springframework.scheduling.concurrent.ThreadPoolTaskExecutor {restartedMain} Initializing ExecutorService 'applicationTaskExecutor'
2020-11-16 09:47:13,105 INFO org.hibernate.jpa.internal.util.LogHelper {task-1} HHH000204: Processing PersistenceUnitInfo [name: default]
2020-11-16 09:47:13,113 INFO org.hibernate.dialect.Dialect {task-1} HHH000400: Using dialect: org.hibernate.dialect.H2Dialect
2020-11-16 09:47:13,140 WARN org.springframework.boot.autoconfigure.orm.jpa.JpaBaseConfiguration$JpaWebConfiguration {restartedMain} spring.jpa.open-in-view is enabled by default. Therefore, database queries may be performed during view rendering. Explicitly configure spring.jpa.open-in-view to disable this warning
2020-11-16 09:47:13,200 INFO org.springframework.security.web.DefaultSecurityFilterChain {restartedMain} Creating filter chain: any request, [org.springframework.security.web.context.request.async.WebAsyncManagerIntegrationFilter@5cd0d2e4, org.springframework.security.web.context.SecurityContextPersistenceFilter@2b9e4498, org.springframework.security.web.header.HeaderWriterFilter@57fd138a, org.springframework.security.web.authentication.logout.LogoutFilter@16fe2957, org.springframework.security.web.authentication.UsernamePasswordAuthenticationFilter@7f6093f3, org.springframework.security.web.savedrequest.RequestCacheAwareFilter@59f8c630, org.springframework.security.web.servletapi.SecurityContextHolderAwareRequestFilter@66a6efc6, org.springframework.security.web.authentication.AnonymousAuthenticationFilter@3e38790d, org.springframework.security.web.session.SessionManagementFilter@6fa8d745, org.springframework.security.web.access.ExceptionTranslationFilter@248ac3d8, org.springframework.security.web.access.intercept.FilterSecurityInterceptor@a80ead5]
2020-11-16 09:47:13,219 INFO org.hibernate.engine.transaction.jta.platform.internal.JtaPlatformInitiator {task-1} HHH000490: Using JtaPlatform implementation: [org.hibernate.engine.transaction.jta.platform.internal.NoJtaPlatform]
2020-11-16 09:47:13,219 INFO org.springframework.orm.jpa.LocalContainerEntityManagerFactoryBean {task-1} Initialized JPA EntityManagerFactory for persistence unit 'default'
2020-11-16 09:47:13,265 INFO org.springframework.boot.devtools.autoconfigure.OptionalLiveReloadServer {task-2} LiveReload server is running on port 35729
2020-11-16 09:47:13,382 INFO org.springframework.boot.web.embedded.tomcat.TomcatWebServer {restartedMain} Tomcat started on port(s): 8080 (http) with context path ''
2020-11-16 09:47:13,383 INFO org.springframework.data.repository.config.DeferredRepositoryInitializationListener {restartedMain} Triggering deferred initialization of Spring Data repositories…
2020-11-16 09:47:13,447 INFO org.springframework.data.repository.config.DeferredRepositoryInitializationListener {restartedMain} Spring Data repositories initialized!
2020-11-16 09:47:13,452 INFO hacker.HackerCloudApplication {restartedMain} Started HackerCloudApplication in 0.893 seconds (JVM running for 456.58)
2020-11-16 09:47:13,455 INFO org.springframework.boot.devtools.autoconfigure.ConditionEvaluationDeltaLoggingListener {restartedMain} Condition evaluation unchanged
2020-11-16 09:47:13,868 INFO org.apache.catalina.core.ContainerBase.[Tomcat].[localhost].[/] {http-nio-8080-exec-1} Initializing Spring DispatcherServlet 'dispatcherServlet'
2020-11-16 09:47:13,868 INFO org.springframework.web.servlet.DispatcherServlet {http-nio-8080-exec-1} Initializing Servlet 'dispatcherServlet'
2020-11-16 09:47:13,870 INFO org.springframework.web.servlet.DispatcherServlet {http-nio-8080-exec-1} Completed initialization in 2 ms
2020-11-16 09:49:00,969 INFO hacker.web.DesignController {http-nio-8080-exec-3} Processing...SecurityPost(fullName=Jose Garcia, createdAt=2020-11-16T09:49:00.937982, id=14, description=Breach Breach Breach Breach Breach Breach Breach Breach Breach , posttype=BSP, user=User(id=1, username=jgarc121, password=$2a$10$svPlwelbOJPqiWWwsgMX9uKNvxaepslMqhOh9Mwo8AafJeSzlOA3a, fullName=Jose Garcia, jobRole=Student, linkedInURL=linkedin.com/jgarc121))
2020-11-16 09:49:20,087 INFO hacker.web.DesignController {http-nio-8080-exec-10} Processing...SecurityPost(fullName=Jose Garcia, createdAt=2020-11-16T09:49:20.084756, id=15, description=Breach Breach Breach Breach Breach Breach Breach Breach , posttype=RB, user=User(id=1, username=jgarc121, password=$2a$10$svPlwelbOJPqiWWwsgMX9uKNvxaepslMqhOh9Mwo8AafJeSzlOA3a, fullName=Jose Garcia, jobRole=Student, linkedInURL=linkedin.com/jgarc121))
2020-11-16 10:04:12,931 INFO org.springframework.orm.jpa.LocalContainerEntityManagerFactoryBean {SpringContextShutdownHook} Closing JPA EntityManagerFactory for persistence unit 'default'
2020-11-16 10:04:12,934 INFO org.springframework.scheduling.concurrent.ThreadPoolTaskExecutor {SpringContextShutdownHook} Shutting down ExecutorService 'applicationTaskExecutor'
2020-11-16 10:04:12,934 INFO com.zaxxer.hikari.HikariDataSource {SpringContextShutdownHook} HikariPool-3 - Shutdown initiated...
2020-11-16 10:04:12,935 INFO com.zaxxer.hikari.HikariDataSource {SpringContextShutdownHook} HikariPool-3 - Shutdown completed.
